[00:02:59] [main/INFO]: Loading Minecraft 1.20.1 with Fabric Loader 0.15.7
[00:03:01] [main/INFO]: Loading 70 mods:
	- banner 1.20.1-614
	   |-- adventure-platform-fabric 5.9.0
	   |    |-- net_kyori_adventure-api 4.14.0
	   |    |-- net_kyori_adventure-key 4.14.0
	   |    |-- net_kyori_adventure-platform-api 4.3.0
	   |    |-- net_kyori_adventure-text-logger-slf4j 4.14.0
	   |    |-- net_kyori_adventure-text-minimessage 4.14.0
	   |    |-- net_kyori_adventure-text-serializer-ansi 4.14.0
	   |    |-- net_kyori_adventure-text-serializer-gson 4.14.0
	   |    |-- net_kyori_adventure-text-serializer-json 4.14.0
	   |    |-- net_kyori_adventure-text-serializer-plain 4.14.0
	   |    |-- net_kyori_ansi 1.0.2
	   |    |-- net_kyori_examination-api 1.3.0
	   |    \-- net_kyori_examination-string 1.3.0
	   |-- com_github_wdog5_mixin-tools 1.0.1
	   |-- com_mohistmc_dynamicenum 0.2
	   |-- com_mohistmc_i18n 0.6
	   |-- com_mohistmc_json 0.2
	   |-- com_mohistmc_tools 0.2
	   |-- javax_inject_javax_inject 1
	   |-- net_fabricmc_mapping-io 0.3.0
	   |-- net_minecrell_terminalconsoleappender 1.4.0
	   |-- org_apache_logging_log4j_log4j-iostreams 2.20.0
	   |-- org_jline_jline-terminal 3.21.0
	   |-- org_jline_jline-terminal-jansi 3.21.0
	   \-- org_yaml_snakeyaml 2.0
	- fabric-api 0.92.0+1.20.1
	   |-- fabric-api-base 0.4.31+1802ada577
	   |-- fabric-api-lookup-api-v1 1.6.36+1802ada577
	   |-- fabric-biome-api-v1 13.0.13+1802ada577
	   |-- fabric-block-api-v1 1.0.11+1802ada577
	   |-- fabric-block-view-api-v2 1.0.1+1802ada577
	   |-- fabric-blockrenderlayer-v1 1.1.41+1802ada577
	   |-- fabric-client-tags-api-v1 1.1.2+1802ada577
	   |-- fabric-command-api-v1 1.2.34+f71b366f77
	   |-- fabric-command-api-v2 2.2.13+1802ada577
	   |-- fabric-commands-v0 0.2.51+df3654b377
	   |-- fabric-containers-v0 0.1.64+df3654b377
	   |-- fabric-content-registries-v0 4.0.11+1802ada577
	   |-- fabric-convention-tags-v1 1.5.5+1802ada577
	   |-- fabric-crash-report-info-v1 0.2.19+1802ada577
	   |-- fabric-data-attachment-api-v1 1.0.0+de0fd6d177
	   |-- fabric-data-generation-api-v1 12.3.4+1802ada577
	   |-- fabric-dimensions-v1 2.1.54+1802ada577
	   |-- fabric-entity-events-v1 1.6.0+1c78457f77
	   |-- fabric-events-interaction-v0 0.6.2+1802ada577
	   |-- fabric-events-lifecycle-v0 0.2.63+df3654b377
	   |-- fabric-game-rule-api-v1 1.0.40+1802ada577
	   |-- fabric-item-api-v1 2.1.28+1802ada577
	   |-- fabric-item-group-api-v1 4.0.12+1802ada577
	   |-- fabric-key-binding-api-v1 1.0.37+1802ada577
	   |-- fabric-keybindings-v0 0.2.35+df3654b377
	   |-- fabric-lifecycle-events-v1 2.2.22+1802ada577
	   |-- fabric-loot-api-v2 1.2.1+1802ada577
	   |-- fabric-loot-tables-v1 1.1.45+9e7660c677
	   |-- fabric-message-api-v1 5.1.9+1802ada577
	   |-- fabric-mining-level-api-v1 2.1.50+1802ada577
	   |-- fabric-model-loading-api-v1 1.0.3+1802ada577
	   |-- fabric-models-v0 0.4.2+9386d8a777
	   |-- fabric-networking-api-v1 1.3.11+1802ada577
	   |-- fabric-networking-v0 0.3.51+df3654b377
	   |-- fabric-object-builder-api-v1 11.1.3+1802ada577
	   |-- fabric-particles-v1 1.1.2+1802ada577
	   |-- fabric-recipe-api-v1 1.0.21+1802ada577
	   |-- fabric-registry-sync-v0 2.3.3+1802ada577
	   |-- fabric-renderer-api-v1 3.2.1+1802ada577
	   |-- fabric-renderer-indigo 1.5.1+1802ada577
	   |-- fabric-renderer-registries-v1 3.2.46+df3654b377
	   |-- fabric-rendering-data-attachment-v1 0.3.37+92a0d36777
	   |-- fabric-rendering-fluids-v1 3.0.28+1802ada577
	   |-- fabric-rendering-v0 1.1.49+df3654b377
	   |-- fabric-rendering-v1 3.0.8+1802ada577
	   |-- fabric-resource-conditions-api-v1 2.3.8+1802ada577
	   |-- fabric-resource-loader-v0 0.11.10+1802ada577
	   |-- fabric-screen-api-v1 2.0.8+1802ada577
	   |-- fabric-screen-handler-api-v1 1.3.30+1802ada577
	   |-- fabric-sound-api-v1 1.0.13+1802ada577
	   |-- fabric-transfer-api-v1 3.3.4+1802ada577
	   \-- fabric-transitive-access-wideners-v1 4.3.1+1802ada577
	- fabricloader 0.15.7
	   \-- mixinextras 0.3.5
	- java 17
	- minecraft 1.20.1
[00:03:02] [main/INFO]: SpongePowered MIXIN Subsystem Version=0.8.5 Source=file:/C:/Users/mathu/Documents/GitHub/Medieval-MC/libraries/net/fabricmc/sponge-mixin/0.12.5+mixin.0.8.5/sponge-mixin-0.12.5+mixin.0.8.5.jar Service=Knot/Fabric Env=SERVER
[00:03:02] [main/INFO]: Compatibility level set to JAVA_17
[00:03:03] [main/INFO]:  _____       ___   __   _   __   _   _____   _____   
[00:03:03] [main/INFO]: |  _  \     /   | |  \ | | |  \ | | | ____| |  _  \  
[00:03:03] [main/INFO]: | |_| |    / /| | |   \| | |   \| | | |__   | |_| |  
[00:03:03] [main/INFO]: |  _  {   / / | | | |\   | | |\   | |  __|  |  _  /  
[00:03:03] [main/INFO]: | |_| |  / /  | | | | \  | | | \  | | |___  | | \ \  
[00:03:03] [main/INFO]: |_____/ /_/   |_| |_|  \_| |_|  \_| |_____| |_|  \_\ 
[00:03:03] [main/INFO]: Welcome to Banner 1.20.1! - Mohist Developement Group - 1.20.1-614, Java 61.0
[00:03:17] [main/INFO]: Injecting into root logger...
[00:03:18] [main/WARN]: By enabling mojang mappings, you agree to their license:
[00:03:18] [main/WARN]: (c) 2020 Microsoft Corporation.These mappings are provided "as-is" and you bear the risk of using them.
[00:03:18] [main/WARN]: You may copy and use the mappings for development purposes, but you may not redistribute the mappings complete and unmodified.
[00:03:18] [main/WARN]: Microsoft makes no warranties, express or implied, with respect to the mappings provided here.
[00:03:18] [main/WARN]: Use and modification of this document or the source code (in any form) of Minecraft: Java Edition is governed by
[00:03:18] [main/WARN]: the Minecraft End User License Agreement available at https://account.mojang.com/documents/minecraft_eula.
[00:03:18] [main/INFO]: Creating asynchronous mapping cache executor...
[00:03:18] [Mappings Cache Thread/INFO]: Verifying cache of mojang mappings...
[00:03:18] [Mappings Cache Thread/INFO]: Downloading intermediary mappings for 1.20.1...
[00:03:19] [main/INFO]: Initializing MixinExtras via com.llamalad7.mixinextras.service.MixinExtrasServiceImpl(version=0.3.5).
[00:03:19] [Mappings Cache Thread/INFO]: Requesting https://maven.fabricmc.net/net/fabricmc/intermediary/1.20.1/intermediary-1.20.1-v2.jar...
[00:03:21] [Mappings Cache Thread/INFO]: Received 508743 bytes (496 KB) with status 200 from https://maven.fabricmc.net/net/fabricmc/intermediary/1.20.1/intermediary-1.20.1-v2.jar in 1776ms
[00:03:22] [Mappings Cache Thread/INFO]: Requesting https://piston-meta.mojang.com/mc/game/version_manifest_v2.json...
[00:03:22] [Mappings Cache Thread/INFO]: Received 221844 bytes (216 KB) with status 200 from https://piston-meta.mojang.com/mc/game/version_manifest_v2.json in 229ms
[00:03:22] [Mappings Cache Thread/INFO]: Requesting https://piston-meta.mojang.com/v1/packages/83c1a93e68f33765e3f8aeff54917f1f55f3a4d5/1.20.1.json...
[00:03:22] [Mappings Cache Thread/INFO]: Received 34974 bytes (34 KB) with status 200 from https://piston-meta.mojang.com/v1/packages/83c1a93e68f33765e3f8aeff54917f1f55f3a4d5/1.20.1.json in 41ms
[00:03:22] [Mappings Cache Thread/INFO]: Requesting https://piston-data.mojang.com/v1/objects/0b4dba049482496c507b2387a73a913230ebbd76/server.txt...
[00:03:23] [Mappings Cache Thread/INFO]: Received 6154195 bytes (5 MB) with status 200 from https://piston-data.mojang.com/v1/objects/0b4dba049482496c507b2387a73a913230ebbd76/server.txt in 925ms
[00:03:23] [Mappings Cache Thread/INFO]: Verified cache of mojang mappings (took 3701ms)
[00:03:23] [Mappings Cache Thread/INFO]: Parsing mojang mappings...
[00:03:25] [Mappings Cache Thread/INFO]: Parsed mojang mappings (took 1851ms)
[00:03:25] [Mappings Cache Thread/INFO]: Caching mojang mappings...
[00:03:25] [Mappings Cache Thread/INFO]: Cached mojang mappings (took 240ms)
[00:03:25] [Mappings Cache Thread/INFO]: Cached mappings have been built (took 7741ms)
[00:03:25] [Mappings Cache Thread/INFO]:  Classes: 4945
[00:03:25] [Mappings Cache Thread/INFO]:  Methods: 26367
[00:03:25] [Mappings Cache Thread/INFO]:  Fields: 23166
[00:03:25] [ForkJoinPool.commonPool-worker-1/INFO]: Shutting down asynchronous mapping cache executor...
[00:03:25] [ForkJoinPool.commonPool-worker-1/INFO]: Loading libraries, please wait...
[00:03:50] [main/INFO]: Registering Banner Event Dispatchers...
[00:03:51] [main/INFO]: Environment: authHost='https://authserver.mojang.com', accountsHost='https://api.mojang.com', sessionHost='https://sessionserver.mojang.com', servicesHost='https://api.minecraftservices.com', name='PROD'
[00:03:51] [main/INFO]: Found new data pack fabric, loading it automatically
[00:03:51] [main/INFO]: Found new data pack file/bukkit, loading it automatically
[00:03:55] [main/INFO]: Loaded 7 recipes
[00:03:56] [main/INFO]: Loaded 1271 advancements
[00:03:57] [main/INFO]: Applied 0 biome modifications to 0 of 64 new biomes in 5.099 ms
[00:03:57] [Server thread/INFO]: Starting minecraft server version 1.20.1
[00:03:57] [Server thread/INFO]: Loading properties
[00:03:57] [Server thread/INFO]: Default game type: SURVIVAL
[00:03:57] [Server thread/INFO]: Generating keypair
[00:03:57] [Server thread/INFO]: Starting Minecraft server on *:25565
[00:03:58] [Server thread/INFO]: Using default channel type
[00:03:59] [Server thread/WARN]: **** SERVER IS RUNNING IN OFFLINE/INSECURE MODE!
[00:03:59] [Server thread/WARN]: The server will make no attempt to authenticate usernames. Beware.
[00:03:59] [Server thread/WARN]: While this makes the game possible to play without internet access, it also opens up the ability for hackers to connect with any username they choose.
[00:03:59] [Server thread/WARN]: To change this, set "online-mode" to "true" in the server.properties file.
[00:03:59] [Server thread/INFO]: This server is running Banner version 1.20.1-614 (MC: 1.20.1) (Implementing API version 1.20.1-R0.1-SNAPSHOT)
[00:04:01] [Server thread/INFO]: Registering for Bukkit ...
[00:04:01] [Server thread/INFO]: Registered 0 new items
[00:04:01] [Server thread/INFO]: Registered 0 new blocks
[00:04:01] [Server thread/INFO]: Loading Bukkit plugins, please wait...
[00:04:01] [Server thread/INFO]: Debug logging is disabled
[00:04:01] [Server thread/INFO]: Server Ping Player Sample Count: 12
[00:04:01] [Server thread/INFO]: Using 4 threads for Netty based IO
[00:04:01] [Server thread/INFO]: Preparing level "world"
[00:04:10] [Server thread/ERROR]: Error creating symlink
java.nio.file.FileSystemException: .\world_nether: A required privilege is not held by the client
	at sun.nio.fs.WindowsException.translateToIOException(WindowsException.java:92) ~[?:?]
	at sun.nio.fs.WindowsException.rethrowAsIOException(WindowsException.java:103) ~[?:?]
	at sun.nio.fs.WindowsException.rethrowAsIOException(WindowsException.java:108) ~[?:?]
	at sun.nio.fs.WindowsFileSystemProvider.createSymbolicLink(WindowsFileSystemProvider.java:598) ~[?:?]
	at java.nio.file.Files.createSymbolicLink(Files.java:1069) ~[?:?]
	at com.mohistmc.banner.fabric.WorldSymlink.create(WorldSymlink.java:24) ~[banner-1.20.1-554-server.jar:?]
	at net.minecraft.server.level.ServerLevel.handler$zdn000$banner$initWorldServer(ServerLevel.java:1892) ~[server-intermediary.jar:?]
	at net.minecraft.server.level.ServerLevel.<init>(ServerLevel.java:263) ~[server-intermediary.jar:?]
	at net.minecraft.server.MinecraftServer.redirect$zcc000$banner$resetListener(MinecraftServer.java:2287) ~[server-intermediary.jar:?]
	at net.minecraft.server.MinecraftServer.createLevels(MinecraftServer.java:399) ~[server-intermediary.jar:?]
	at net.minecraft.server.MinecraftServer.loadLevel(MinecraftServer.java:324) ~[server-intermediary.jar:?]
	at net.minecraft.server.dedicated.DedicatedServer.initServer(DedicatedServer.java:169) ~[server-intermediary.jar:?]
	at net.minecraft.server.MinecraftServer.runServer(MinecraftServer.java:2087) ~[server-intermediary.jar:?]
	at net.minecraft.server.MinecraftServer.lambda$spin$2(MinecraftServer.java:265) ~[server-intermediary.jar:?]
	at java.lang.Thread.run(Thread.java:842) ~[?:?]
[00:04:10] [Server thread/ERROR]: Error creating symlink
java.nio.file.FileSystemException: .\world_the_end: A required privilege is not held by the client
	at sun.nio.fs.WindowsException.translateToIOException(WindowsException.java:92) ~[?:?]
	at sun.nio.fs.WindowsException.rethrowAsIOException(WindowsException.java:103) ~[?:?]
	at sun.nio.fs.WindowsException.rethrowAsIOException(WindowsException.java:108) ~[?:?]
	at sun.nio.fs.WindowsFileSystemProvider.createSymbolicLink(WindowsFileSystemProvider.java:598) ~[?:?]
	at java.nio.file.Files.createSymbolicLink(Files.java:1069) ~[?:?]
	at com.mohistmc.banner.fabric.WorldSymlink.create(WorldSymlink.java:24) ~[banner-1.20.1-554-server.jar:?]
	at net.minecraft.server.level.ServerLevel.handler$zdn000$banner$initWorldServer(ServerLevel.java:1892) ~[server-intermediary.jar:?]
	at net.minecraft.server.level.ServerLevel.<init>(ServerLevel.java:263) ~[server-intermediary.jar:?]
	at net.minecraft.server.MinecraftServer.redirect$zcc000$banner$resetListener(MinecraftServer.java:2287) ~[server-intermediary.jar:?]
	at net.minecraft.server.MinecraftServer.createLevels(MinecraftServer.java:399) ~[server-intermediary.jar:?]
	at net.minecraft.server.MinecraftServer.loadLevel(MinecraftServer.java:324) ~[server-intermediary.jar:?]
	at net.minecraft.server.dedicated.DedicatedServer.initServer(DedicatedServer.java:169) ~[server-intermediary.jar:?]
	at net.minecraft.server.MinecraftServer.runServer(MinecraftServer.java:2087) ~[server-intermediary.jar:?]
	at net.minecraft.server.MinecraftServer.lambda$spin$2(MinecraftServer.java:265) ~[server-intermediary.jar:?]
	at java.lang.Thread.run(Thread.java:842) ~[?:?]
[00:04:10] [Server thread/INFO]: Preparing start region for dimension minecraft:overworld
[00:04:17] [Worker-Main-2/INFO]: Preparing spawn area: 0%
[00:04:17] [Worker-Main-2/INFO]: Preparing spawn area: 0%
[00:04:17] [Worker-Main-3/INFO]: Preparing spawn area: 0%
[00:04:17] [Worker-Main-3/INFO]: Preparing spawn area: 0%
[00:04:17] [Worker-Main-1/INFO]: Preparing spawn area: 0%
[00:04:17] [Worker-Main-3/INFO]: Preparing spawn area: 0%
[00:04:17] [Worker-Main-3/INFO]: Preparing spawn area: 0%
[00:04:17] [Worker-Main-3/INFO]: Preparing spawn area: 0%
[00:04:17] [Worker-Main-3/INFO]: Preparing spawn area: 0%
[00:04:17] [Worker-Main-3/INFO]: Preparing spawn area: 0%
[00:04:17] [Worker-Main-1/INFO]: Preparing spawn area: 0%
[00:04:17] [Worker-Main-1/INFO]: Preparing spawn area: 0%
[00:04:17] [Worker-Main-1/INFO]: Preparing spawn area: 0%
[00:04:17] [Worker-Main-1/INFO]: Preparing spawn area: 0%
[00:04:17] [Worker-Main-1/INFO]: Preparing spawn area: 0%
[00:04:17] [Worker-Main-3/INFO]: Preparing spawn area: 0%
[00:04:18] [Worker-Main-2/INFO]: Preparing spawn area: 0%
[00:04:18] [Worker-Main-3/INFO]: Preparing spawn area: 9%
[00:04:19] [Worker-Main-1/INFO]: Preparing spawn area: 18%
[00:04:20] [Worker-Main-3/INFO]: Preparing spawn area: 18%
[00:04:20] [Server thread/INFO]: Time elapsed: 10131 ms
[00:04:20] [Server thread/INFO]: Preparing start region for dimension minecraft:the_nether
[00:04:22] [Worker-Main-2/INFO]: Preparing spawn area: 0%
[00:04:22] [Worker-Main-2/INFO]: Preparing spawn area: 0%
[00:04:22] [Worker-Main-1/INFO]: Preparing spawn area: 0%
[00:04:22] [Worker-Main-2/INFO]: Preparing spawn area: 0%
[00:04:22] [Worker-Main-1/INFO]: Preparing spawn area: 0%
[00:04:22] [Worker-Main-3/INFO]: Preparing spawn area: 0%
[00:04:23] [Worker-Main-3/INFO]: Preparing spawn area: 0%
[00:04:23] [Worker-Main-1/INFO]: Preparing spawn area: 0%
[00:04:24] [Worker-Main-3/INFO]: Preparing spawn area: 0%
[00:04:25] [Worker-Main-2/INFO]: Preparing spawn area: 0%
[00:04:25] [Worker-Main-1/INFO]: Preparing spawn area: 0%
[00:04:25] [Worker-Main-2/INFO]: Preparing spawn area: 0%
[00:04:26] [Worker-Main-2/INFO]: Preparing spawn area: 0%
[00:04:26] [Worker-Main-1/INFO]: Preparing spawn area: 0%
[00:04:27] [Worker-Main-1/INFO]: Preparing spawn area: 0%
[00:04:27] [Worker-Main-1/INFO]: Preparing spawn area: 0%
[00:04:28] [Worker-Main-2/INFO]: Preparing spawn area: 1%
[00:04:28] [Worker-Main-1/INFO]: Preparing spawn area: 2%
[00:04:29] [Worker-Main-3/INFO]: Preparing spawn area: 2%
[00:04:29] [Worker-Main-1/INFO]: Preparing spawn area: 3%
[00:04:30] [Worker-Main-2/INFO]: Preparing spawn area: 4%
[00:04:30] [Worker-Main-1/INFO]: Preparing spawn area: 4%
[00:04:31] [Worker-Main-1/INFO]: Preparing spawn area: 5%
[00:04:31] [Worker-Main-3/INFO]: Preparing spawn area: 6%
[00:04:32] [Worker-Main-1/INFO]: Preparing spawn area: 7%
[00:04:32] [Worker-Main-1/INFO]: Preparing spawn area: 9%
[00:04:33] [Worker-Main-1/INFO]: Preparing spawn area: 10%
[00:04:33] [Worker-Main-3/INFO]: Preparing spawn area: 12%
[00:04:34] [Worker-Main-1/INFO]: Preparing spawn area: 15%
[00:04:34] [Worker-Main-2/INFO]: Preparing spawn area: 16%
[00:04:35] [Worker-Main-2/INFO]: Preparing spawn area: 18%
[00:04:35] [Worker-Main-3/INFO]: Preparing spawn area: 20%
[00:04:36] [Worker-Main-2/INFO]: Preparing spawn area: 21%
[00:04:36] [Worker-Main-1/INFO]: Preparing spawn area: 22%
[00:04:37] [Worker-Main-3/INFO]: Preparing spawn area: 24%
[00:04:37] [Worker-Main-3/INFO]: Preparing spawn area: 25%
[00:04:38] [Worker-Main-2/INFO]: Preparing spawn area: 26%
[00:04:38] [Worker-Main-3/INFO]: Preparing spawn area: 27%
[00:04:39] [Worker-Main-3/INFO]: Preparing spawn area: 28%
[00:04:39] [Worker-Main-2/INFO]: Preparing spawn area: 30%
[00:04:40] [Worker-Main-1/INFO]: Preparing spawn area: 32%
[00:04:40] [Worker-Main-2/INFO]: Preparing spawn area: 33%
[00:04:41] [Worker-Main-3/INFO]: Preparing spawn area: 35%
[00:04:41] [Worker-Main-1/INFO]: Preparing spawn area: 38%
[00:04:42] [Worker-Main-2/INFO]: Preparing spawn area: 40%
[00:04:42] [Worker-Main-3/INFO]: Preparing spawn area: 42%
[00:04:43] [Worker-Main-1/INFO]: Preparing spawn area: 44%
[00:04:43] [Worker-Main-3/INFO]: Preparing spawn area: 46%
[00:04:44] [Worker-Main-1/INFO]: Preparing spawn area: 49%
[00:04:44] [Worker-Main-1/INFO]: Preparing spawn area: 51%
[00:04:45] [Worker-Main-2/INFO]: Preparing spawn area: 54%
[00:04:45] [Worker-Main-3/INFO]: Preparing spawn area: 56%
[00:04:46] [Worker-Main-2/INFO]: Preparing spawn area: 58%
[00:04:46] [Worker-Main-1/INFO]: Preparing spawn area: 62%
[00:04:47] [Worker-Main-1/INFO]: Preparing spawn area: 66%
[00:04:47] [Worker-Main-2/INFO]: Preparing spawn area: 68%
[00:04:48] [Worker-Main-2/INFO]: Preparing spawn area: 69%
[00:04:48] [Worker-Main-2/INFO]: Preparing spawn area: 71%
[00:04:49] [Worker-Main-1/INFO]: Preparing spawn area: 74%
[00:04:49] [Worker-Main-2/INFO]: Preparing spawn area: 77%
[00:04:50] [Worker-Main-1/INFO]: Preparing spawn area: 80%
[00:04:50] [Worker-Main-3/INFO]: Preparing spawn area: 83%
[00:04:51] [Worker-Main-2/INFO]: Preparing spawn area: 85%
[00:04:51] [Worker-Main-1/INFO]: Preparing spawn area: 88%
[00:04:52] [Worker-Main-2/INFO]: Preparing spawn area: 91%
[00:04:52] [Worker-Main-3/INFO]: Preparing spawn area: 95%
[00:04:53] [Worker-Main-2/INFO]: Preparing spawn area: 99%
[00:04:53] [Server thread/INFO]: Time elapsed: 33071 ms
[00:04:53] [Server thread/INFO]: Preparing start region for dimension minecraft:the_end
[00:04:53] [Worker-Main-1/INFO]: Preparing spawn area: 0%
[00:04:53] [Worker-Main-3/INFO]: Preparing spawn area: 0%
[00:04:54] [Worker-Main-1/INFO]: Preparing spawn area: 0%
[00:04:54] [Worker-Main-1/INFO]: Preparing spawn area: 2%
[00:04:55] [Worker-Main-1/INFO]: Preparing spawn area: 15%
[00:04:55] [Worker-Main-1/INFO]: Preparing spawn area: 22%
[00:04:56] [Worker-Main-1/INFO]: Preparing spawn area: 37%
[00:04:56] [Worker-Main-3/INFO]: Preparing spawn area: 45%
[00:04:57] [Worker-Main-3/INFO]: Preparing spawn area: 59%
[00:04:57] [Worker-Main-2/INFO]: Preparing spawn area: 82%
[00:04:58] [Server thread/INFO]: Time elapsed: 4764 ms
[00:04:58] [Server thread/INFO]: Done (56.563s)! For help, type "help"
[00:06:17] [Server thread/INFO]: Stopping the server
[00:06:17] [Server thread/INFO]: Stopping server
[00:06:17] [Server thread/INFO]: Saving players
[00:06:17] [Server thread/INFO]: Saving worlds
[00:06:21] [Server thread/INFO]: Saving chunks for level 'ServerLevel[world]'/minecraft:overworld
[00:06:22] [Server thread/INFO]: Saving chunks for level 'ServerLevel[world_nether]'/minecraft:the_nether
[00:06:22] [Server thread/INFO]: Saving chunks for level 'ServerLevel[world_the_end]'/minecraft:the_end
[00:06:22] [Server thread/INFO]: ThreadedAnvilChunkStorage (world): All chunks are saved
[00:06:22] [Server thread/INFO]: ThreadedAnvilChunkStorage (DIM-1): All chunks are saved
[00:06:22] [Server thread/INFO]: ThreadedAnvilChunkStorage (DIM1): All chunks are saved
[00:06:22] [Server thread/INFO]: ThreadedAnvilChunkStorage: All dimensions are saved
[00:06:27] [Exit Thread/INFO]: 32 threads not shutting down correctly, force exiting
